{
  "RSpec": {
    "coverage": {
      "/Users/NocturnalReign/Dropbox/kvasir/app/models/user.rb": [
        1,
        null,
        null,
        1,
        null,
        1,
        1,
        null,
        1,
        null,
        null
      ],
      "/Users/NocturnalReign/Dropbox/kvasir/app/models/item.rb": [
        1,
        1,
        null,
        1,
        1,
        1,
        1,
        1,
        1,
        null
      ],
      "/Users/NocturnalReign/Dropbox/kvasir/app/models/tracked_item.rb": [
        1,
        1,
        1,
        null,
        1,
        1,
        null
      ],
      "/Users/NocturnalReign/Dropbox/kvasir/app/controllers/homes_controller.rb": [
        1,
        1,
        null
      ],
      "/Users/NocturnalReign/Dropbox/kvasir/app/controllers/application_controller.rb": [
        null,
        1,
        1,
        null,
        null,
        null,
        1,
        null,
        1,
        4,
        1,
        1,
        null,
        null,
        null,
        1,
        0,
        0,
        null,
        0,
        null,
        null,
        null,
        1,
        null,
        1,
        null,
        1,
        24,
        2,
        null,
        null,
        null,
        null,
        null,
        null,
        null,
        null,
        24,
        0,
        null,
        null,
        null,
        null,
        null,
        null,
        null,
        null,
        null,
        null,
        null
      ],
      "/Users/NocturnalReign/Dropbox/kvasir/app/controllers/items_controller.rb": [
        1,
        1,
        1,
        null,
        1,
        null,
        4,
        null,
        null,
        null
      ],
      "/Users/NocturnalReign/Dropbox/kvasir/app/controllers/admin/users_controller.rb": [
        1,
        1,
        1,
        null,
        1,
        2,
        null,
        null,
        1,
        1,
        1,
        1,
        1,
        null,
        null,
        null
      ]
    },
    "timestamp": 1437157083
  }
}
